Сборка начата 02.06.2015 20:56:22.
     1>Проект "C:\Documents\Visual Studio 2013\Projects\lsa\lsa\lsa.vcxproj" в узле 2 (целевые объекты Build).
     1>ClCompile:
         C:\Program Files (x86)\Microsoft Visual Studio 12.0\VC\bin\CL.exe /c /ZI /nologo /W3 /WX- /sdl /Od /Oy- /D WIN32 /D _DEBUG /D _CONSOLE /D _LIB /D _UNICODE /D UNICODE /Gm /EHsc /RTC1 /MDd /GS /fp:precise /Zc:wchar_t /Zc:forScope /Fo"Debug\\" /Fd"Debug\vc120.pdb" /Gd /TP /analyze- /errorReport:prompt main.cpp
         main.cpp
     1>c:\documents\visual studio 2013\projects\lsa\lsa\utilities.h(34): warning C4244: return: преобразование "double" в "float", возможна потеря данных
     1>c:\documents\visual studio 2013\projects\lsa\lsa\string_util.h(56): warning C4309: specialization: усечение константного значения
     1>c:\documents\visual studio 2013\projects\lsa\lsa\meta.h(33): warning C4309: static_cast: усечение константного значения
                 c:\documents\visual studio 2013\projects\lsa\lsa\string_util.h(56): см. ссылку на создание экземпляров класса шаблон при компиляции "__character<char,192>"
     1>c:\documents\visual studio 2013\projects\lsa\lsa\string_util.h(57): warning C4309: specialization: усечение константного значения
     1>c:\documents\visual studio 2013\projects\lsa\lsa\string_util.h(72): warning C4309: specialization: усечение константного значения
     1>c:\documents\visual studio 2013\projects\lsa\lsa\string_util.h(73): warning C4309: specialization: усечение константного значения
     1>c:\documents\visual studio 2013\projects\lsa\lsa\string_util.h(87): warning C4309: specialization: усечение константного значения
     1>c:\documents\visual studio 2013\projects\lsa\lsa\string_util.h(88): warning C4309: specialization: усечение константного значения
     1>c:\documents\visual studio 2013\projects\lsa\lsa\string_util.h(99): warning C4309: specialization: усечение константного значения
     1>c:\documents\visual studio 2013\projects\lsa\lsa\string_util.h(100): warning C4309: specialization: усечение константного значения
     1>c:\documents\visual studio 2013\projects\lsa\lsa\string_util.h(113): warning C4309: specialization: усечение константного значения
     1>c:\documents\visual studio 2013\projects\lsa\lsa\string_util.h(114): warning C4309: specialization: усечение константного значения
     1>c:\documents\visual studio 2013\projects\lsa\lsa\string_util.h(115): warning C4309: specialization: усечение константного значения
     1>c:\documents\visual studio 2013\projects\lsa\lsa\svd.h(25): warning C4715: sign: значение возвращается не при всех путях выполнения
       Link:
         C:\Program Files (x86)\Microsoft Visual Studio 12.0\VC\bin\link.exe /ERRORREPORT:PROMPT /OUT:"C:\Documents\Visual Studio 2013\Projects\lsa\Debug\lsa.exe" /INCREMENTAL /NOLOGO kernel32.lib user32.lib gdi32.lib winspool.lib comdlg32.lib advapi32.lib shell32.lib ole32.lib oleaut32.lib uuid.lib odbc32.lib odbccp32.lib /MANIFEST /MANIFESTUAC:"level='asInvoker' uiAccess='false'" /manifest:embed /DEBUG /PDB:"C:\Documents\Visual Studio 2013\Projects\lsa\Debug\lsa.pdb" /SUBSYSTEM:CONSOLE /TLBID:1 /DYNAMICBASE /NXCOMPAT /IMPLIB:"C:\Documents\Visual Studio 2013\Projects\lsa\Debug\lsa.lib" /MACHINE:X86 Debug\main.obj
         lsa.vcxproj -> C:\Documents\Visual Studio 2013\Projects\lsa\Debug\lsa.exe
     1>Сборка проекта "C:\Documents\Visual Studio 2013\Projects\lsa\lsa\lsa.vcxproj" завершена (целевые объекты Build).

Сборка успешно завершена.

Затраченное время: 00:00:02.03
